2024-12-03 01:59:09,137 - INFO - Num GPUs Available: 2
2024-12-03 01:59:09,905 - INFO - Using MirroredStrategy with devices ('/job:localhost/replica:0/task:0/device:GPU:0', '/job:localhost/replica:0/task:0/device:GPU:1')
2024-12-03 01:59:10,639 - INFO - Number of devices in strategy: 2
2024-12-03 01:59:10,640 - INFO - Loading and preparing data...
2024-12-03 01:59:13,525 - INFO - Starting training with AdvancedResNet...
2024-12-03 01:59:14,484 - INFO - Reduce to /job:localhost/replica:0/task:0/device:CPU:0 then broadcast to ('/job:localhost/replica:0/task:0/device:CPU:0',).
2024-12-03 01:59:16,628 - INFO - Reduce to /job:localhost/replica:0/task:0/device:CPU:0 then broadcast to ('/job:localhost/replica:0/task:0/device:CPU:0',).
2024-12-03 01:59:19,017 - INFO - Collective all_reduce tensors: 1 all_reduces, num_devices = 2, group_size = 2, implementation = CommunicationImplementation.NCCL, num_packs = 1
2024-12-03 01:59:19,037 - INFO - Collective all_reduce tensors: 1 all_reduces, num_devices = 2, group_size = 2, implementation = CommunicationImplementation.NCCL, num_packs = 1
2024-12-03 01:59:19,080 - INFO - Collective all_reduce tensors: 1 all_reduces, num_devices = 2, group_size = 2, implementation = CommunicationImplementation.NCCL, num_packs = 1
2024-12-03 01:59:19,099 - INFO - Collective all_reduce tensors: 1 all_reduces, num_devices = 2, group_size = 2, implementation = CommunicationImplementation.NCCL, num_packs = 1
2024-12-03 01:59:19,157 - INFO - Collective all_reduce tensors: 1 all_reduces, num_devices = 2, group_size = 2, implementation = CommunicationImplementation.NCCL, num_packs = 1
2024-12-03 01:59:19,354 - INFO - Collective all_reduce tensors: 1 all_reduces, num_devices = 2, group_size = 2, implementation = CommunicationImplementation.NCCL, num_packs = 1
2024-12-03 01:59:19,450 - INFO - Collective all_reduce tensors: 1 all_reduces, num_devices = 2, group_size = 2, implementation = CommunicationImplementation.NCCL, num_packs = 1
2024-12-03 01:59:19,470 - INFO - Collective all_reduce tensors: 1 all_reduces, num_devices = 2, group_size = 2, implementation = CommunicationImplementation.NCCL, num_packs = 1
2024-12-03 01:59:19,535 - INFO - Collective all_reduce tensors: 1 all_reduces, num_devices = 2, group_size = 2, implementation = CommunicationImplementation.NCCL, num_packs = 1
2024-12-03 01:59:19,555 - INFO - Collective all_reduce tensors: 1 all_reduces, num_devices = 2, group_size = 2, implementation = CommunicationImplementation.NCCL, num_packs = 1
2024-12-03 01:59:19,637 - INFO - Collective all_reduce tensors: 1 all_reduces, num_devices = 2, group_size = 2, implementation = CommunicationImplementation.NCCL, num_packs = 1
2024-12-03 01:59:19,668 - INFO - Collective all_reduce tensors: 1 all_reduces, num_devices = 2, group_size = 2, implementation = CommunicationImplementation.NCCL, num_packs = 1
2024-12-03 01:59:19,762 - INFO - Collective all_reduce tensors: 1 all_reduces, num_devices = 2, group_size = 2, implementation = CommunicationImplementation.NCCL, num_packs = 1
2024-12-03 01:59:19,792 - INFO - Collective all_reduce tensors: 1 all_reduces, num_devices = 2, group_size = 2, implementation = CommunicationImplementation.NCCL, num_packs = 1
2024-12-03 01:59:19,882 - INFO - Collective all_reduce tensors: 1 all_reduces, num_devices = 2, group_size = 2, implementation = CommunicationImplementation.NCCL, num_packs = 1
2024-12-03 01:59:19,914 - INFO - Collective all_reduce tensors: 1 all_reduces, num_devices = 2, group_size = 2, implementation = CommunicationImplementation.NCCL, num_packs = 1
2024-12-03 01:59:20,006 - INFO - Collective all_reduce tensors: 1 all_reduces, num_devices = 2, group_size = 2, implementation = CommunicationImplementation.NCCL, num_packs = 1
2024-12-03 01:59:20,037 - INFO - Collective all_reduce tensors: 1 all_reduces, num_devices = 2, group_size = 2, implementation = CommunicationImplementation.NCCL, num_packs = 1
2024-12-03 01:59:20,138 - INFO - Collective all_reduce tensors: 1 all_reduces, num_devices = 2, group_size = 2, implementation = CommunicationImplementation.NCCL, num_packs = 1
2024-12-03 01:59:20,171 - INFO - Collective all_reduce tensors: 1 all_reduces, num_devices = 2, group_size = 2, implementation = CommunicationImplementation.NCCL, num_packs = 1
2024-12-03 01:59:20,260 - INFO - Collective all_reduce tensors: 1 all_reduces, num_devices = 2, group_size = 2, implementation = CommunicationImplementation.NCCL, num_packs = 1
2024-12-03 01:59:20,292 - INFO - Collective all_reduce tensors: 1 all_reduces, num_devices = 2, group_size = 2, implementation = CommunicationImplementation.NCCL, num_packs = 1
2024-12-03 01:59:20,387 - INFO - Collective all_reduce tensors: 1 all_reduces, num_devices = 2, group_size = 2, implementation = CommunicationImplementation.NCCL, num_packs = 1
2024-12-03 01:59:20,418 - INFO - Collective all_reduce tensors: 1 all_reduces, num_devices = 2, group_size = 2, implementation = CommunicationImplementation.NCCL, num_packs = 1
2024-12-03 01:59:20,531 - INFO - Collective all_reduce tensors: 1 all_reduces, num_devices = 2, group_size = 2, implementation = CommunicationImplementation.NCCL, num_packs = 1
2024-12-03 01:59:20,562 - INFO - Collective all_reduce tensors: 1 all_reduces, num_devices = 2, group_size = 2, implementation = CommunicationImplementation.NCCL, num_packs = 1
2024-12-03 01:59:20,640 - INFO - Collective all_reduce tensors: 1 all_reduces, num_devices = 2, group_size = 2, implementation = CommunicationImplementation.NCCL, num_packs = 1
2024-12-03 01:59:20,671 - INFO - Collective all_reduce tensors: 1 all_reduces, num_devices = 2, group_size = 2, implementation = CommunicationImplementation.NCCL, num_packs = 1
2024-12-03 01:59:20,763 - INFO - Collective all_reduce tensors: 1 all_reduces, num_devices = 2, group_size = 2, implementation = CommunicationImplementation.NCCL, num_packs = 1
2024-12-03 01:59:20,796 - INFO - Collective all_reduce tensors: 1 all_reduces, num_devices = 2, group_size = 2, implementation = CommunicationImplementation.NCCL, num_packs = 1
2024-12-03 01:59:20,895 - INFO - Collective all_reduce tensors: 1 all_reduces, num_devices = 2, group_size = 2, implementation = CommunicationImplementation.NCCL, num_packs = 1
2024-12-03 01:59:20,926 - INFO - Collective all_reduce tensors: 1 all_reduces, num_devices = 2, group_size = 2, implementation = CommunicationImplementation.NCCL, num_packs = 1
2024-12-03 01:59:21,018 - INFO - Collective all_reduce tensors: 1 all_reduces, num_devices = 2, group_size = 2, implementation = CommunicationImplementation.NCCL, num_packs = 1
2024-12-03 01:59:21,050 - INFO - Collective all_reduce tensors: 1 all_reduces, num_devices = 2, group_size = 2, implementation = CommunicationImplementation.NCCL, num_packs = 1
2024-12-03 01:59:21,144 - INFO - Collective all_reduce tensors: 1 all_reduces, num_devices = 2, group_size = 2, implementation = CommunicationImplementation.NCCL, num_packs = 1
2024-12-03 01:59:21,176 - INFO - Collective all_reduce tensors: 1 all_reduces, num_devices = 2, group_size = 2, implementation = CommunicationImplementation.NCCL, num_packs = 1
2024-12-03 01:59:21,276 - INFO - Collective all_reduce tensors: 1 all_reduces, num_devices = 2, group_size = 2, implementation = CommunicationImplementation.NCCL, num_packs = 1
2024-12-03 01:59:21,308 - INFO - Collective all_reduce tensors: 1 all_reduces, num_devices = 2, group_size = 2, implementation = CommunicationImplementation.NCCL, num_packs = 1
2024-12-03 01:59:21,397 - INFO - Collective all_reduce tensors: 1 all_reduces, num_devices = 2, group_size = 2, implementation = CommunicationImplementation.NCCL, num_packs = 1
2024-12-03 01:59:21,429 - INFO - Collective all_reduce tensors: 1 all_reduces, num_devices = 2, group_size = 2, implementation = CommunicationImplementation.NCCL, num_packs = 1
2024-12-03 01:59:21,520 - INFO - Collective all_reduce tensors: 1 all_reduces, num_devices = 2, group_size = 2, implementation = CommunicationImplementation.NCCL, num_packs = 1
2024-12-03 01:59:21,552 - INFO - Collective all_reduce tensors: 1 all_reduces, num_devices = 2, group_size = 2, implementation = CommunicationImplementation.NCCL, num_packs = 1
2024-12-03 01:59:21,656 - INFO - Collective all_reduce tensors: 1 all_reduces, num_devices = 2, group_size = 2, implementation = CommunicationImplementation.NCCL, num_packs = 1
2024-12-03 01:59:21,688 - INFO - Collective all_reduce tensors: 1 all_reduces, num_devices = 2, group_size = 2, implementation = CommunicationImplementation.NCCL, num_packs = 1
2024-12-03 01:59:21,767 - INFO - Collective all_reduce tensors: 1 all_reduces, num_devices = 2, group_size = 2, implementation = CommunicationImplementation.NCCL, num_packs = 1
2024-12-03 01:59:21,799 - INFO - Collective all_reduce tensors: 1 all_reduces, num_devices = 2, group_size = 2, implementation = CommunicationImplementation.NCCL, num_packs = 1
2024-12-03 01:59:21,891 - INFO - Collective all_reduce tensors: 1 all_reduces, num_devices = 2, group_size = 2, implementation = CommunicationImplementation.NCCL, num_packs = 1
2024-12-03 01:59:21,934 - INFO - Collective all_reduce tensors: 1 all_reduces, num_devices = 2, group_size = 2, implementation = CommunicationImplementation.NCCL, num_packs = 1
2024-12-03 01:59:22,046 - INFO - Collective all_reduce tensors: 1 all_reduces, num_devices = 2, group_size = 2, implementation = CommunicationImplementation.NCCL, num_packs = 1
2024-12-03 01:59:22,077 - INFO - Collective all_reduce tensors: 1 all_reduces, num_devices = 2, group_size = 2, implementation = CommunicationImplementation.NCCL, num_packs = 1
2024-12-03 01:59:22,153 - INFO - Collective all_reduce tensors: 1 all_reduces, num_devices = 2, group_size = 2, implementation = CommunicationImplementation.NCCL, num_packs = 1
2024-12-03 01:59:22,184 - INFO - Collective all_reduce tensors: 1 all_reduces, num_devices = 2, group_size = 2, implementation = CommunicationImplementation.NCCL, num_packs = 1
2024-12-03 01:59:22,276 - INFO - Collective all_reduce tensors: 1 all_reduces, num_devices = 2, group_size = 2, implementation = CommunicationImplementation.NCCL, num_packs = 1
2024-12-03 01:59:22,307 - INFO - Collective all_reduce tensors: 1 all_reduces, num_devices = 2, group_size = 2, implementation = CommunicationImplementation.NCCL, num_packs = 1
2024-12-03 01:59:22,406 - INFO - Collective all_reduce tensors: 1 all_reduces, num_devices = 2, group_size = 2, implementation = CommunicationImplementation.NCCL, num_packs = 1
2024-12-03 01:59:22,438 - INFO - Collective all_reduce tensors: 1 all_reduces, num_devices = 2, group_size = 2, implementation = CommunicationImplementation.NCCL, num_packs = 1
2024-12-03 01:59:22,528 - INFO - Collective all_reduce tensors: 1 all_reduces, num_devices = 2, group_size = 2, implementation = CommunicationImplementation.NCCL, num_packs = 1
2024-12-03 01:59:22,561 - INFO - Collective all_reduce tensors: 1 all_reduces, num_devices = 2, group_size = 2, implementation = CommunicationImplementation.NCCL, num_packs = 1
2024-12-03 01:59:22,653 - INFO - Collective all_reduce tensors: 1 all_reduces, num_devices = 2, group_size = 2, implementation = CommunicationImplementation.NCCL, num_packs = 1
2024-12-03 01:59:22,686 - INFO - Collective all_reduce tensors: 1 all_reduces, num_devices = 2, group_size = 2, implementation = CommunicationImplementation.NCCL, num_packs = 1
2024-12-03 01:59:22,785 - INFO - Collective all_reduce tensors: 1 all_reduces, num_devices = 2, group_size = 2, implementation = CommunicationImplementation.NCCL, num_packs = 1
2024-12-03 01:59:22,817 - INFO - Collective all_reduce tensors: 1 all_reduces, num_devices = 2, group_size = 2, implementation = CommunicationImplementation.NCCL, num_packs = 1
2024-12-03 01:59:22,906 - INFO - Collective all_reduce tensors: 1 all_reduces, num_devices = 2, group_size = 2, implementation = CommunicationImplementation.NCCL, num_packs = 1
2024-12-03 01:59:22,940 - INFO - Collective all_reduce tensors: 1 all_reduces, num_devices = 2, group_size = 2, implementation = CommunicationImplementation.NCCL, num_packs = 1
2024-12-03 01:59:23,034 - INFO - Collective all_reduce tensors: 1 all_reduces, num_devices = 2, group_size = 2, implementation = CommunicationImplementation.NCCL, num_packs = 1
2024-12-03 01:59:23,065 - INFO - Collective all_reduce tensors: 1 all_reduces, num_devices = 2, group_size = 2, implementation = CommunicationImplementation.NCCL, num_packs = 1
2024-12-03 01:59:23,164 - INFO - Collective all_reduce tensors: 1 all_reduces, num_devices = 2, group_size = 2, implementation = CommunicationImplementation.NCCL, num_packs = 1
2024-12-03 01:59:23,196 - INFO - Collective all_reduce tensors: 1 all_reduces, num_devices = 2, group_size = 2, implementation = CommunicationImplementation.NCCL, num_packs = 1
2024-12-03 01:59:23,286 - INFO - Collective all_reduce tensors: 1 all_reduces, num_devices = 2, group_size = 2, implementation = CommunicationImplementation.NCCL, num_packs = 1
2024-12-03 01:59:23,319 - INFO - Collective all_reduce tensors: 1 all_reduces, num_devices = 2, group_size = 2, implementation = CommunicationImplementation.NCCL, num_packs = 1
2024-12-03 01:59:23,414 - INFO - Collective all_reduce tensors: 1 all_reduces, num_devices = 2, group_size = 2, implementation = CommunicationImplementation.NCCL, num_packs = 1
2024-12-03 01:59:23,447 - INFO - Collective all_reduce tensors: 1 all_reduces, num_devices = 2, group_size = 2, implementation = CommunicationImplementation.NCCL, num_packs = 1
2024-12-03 01:59:23,546 - INFO - Collective all_reduce tensors: 1 all_reduces, num_devices = 2, group_size = 2, implementation = CommunicationImplementation.NCCL, num_packs = 1
2024-12-03 01:59:23,577 - INFO - Collective all_reduce tensors: 1 all_reduces, num_devices = 2, group_size = 2, implementation = CommunicationImplementation.NCCL, num_packs = 1
2024-12-03 01:59:23,666 - INFO - Collective all_reduce tensors: 1 all_reduces, num_devices = 2, group_size = 2, implementation = CommunicationImplementation.NCCL, num_packs = 1
2024-12-03 01:59:23,699 - INFO - Collective all_reduce tensors: 1 all_reduces, num_devices = 2, group_size = 2, implementation = CommunicationImplementation.NCCL, num_packs = 1
2024-12-03 01:59:23,793 - INFO - Collective all_reduce tensors: 1 all_reduces, num_devices = 2, group_size = 2, implementation = CommunicationImplementation.NCCL, num_packs = 1
2024-12-03 01:59:23,824 - INFO - Collective all_reduce tensors: 1 all_reduces, num_devices = 2, group_size = 2, implementation = CommunicationImplementation.NCCL, num_packs = 1
2024-12-03 01:59:23,927 - INFO - Collective all_reduce tensors: 1 all_reduces, num_devices = 2, group_size = 2, implementation = CommunicationImplementation.NCCL, num_packs = 1
2024-12-03 01:59:23,958 - INFO - Collective all_reduce tensors: 1 all_reduces, num_devices = 2, group_size = 2, implementation = CommunicationImplementation.NCCL, num_packs = 1
2024-12-03 01:59:24,047 - INFO - Collective all_reduce tensors: 1 all_reduces, num_devices = 2, group_size = 2, implementation = CommunicationImplementation.NCCL, num_packs = 1
2024-12-03 01:59:24,079 - INFO - Collective all_reduce tensors: 1 all_reduces, num_devices = 2, group_size = 2, implementation = CommunicationImplementation.NCCL, num_packs = 1
2024-12-03 01:59:24,171 - INFO - Collective all_reduce tensors: 1 all_reduces, num_devices = 2, group_size = 2, implementation = CommunicationImplementation.NCCL, num_packs = 1
2024-12-03 01:59:24,203 - INFO - Collective all_reduce tensors: 1 all_reduces, num_devices = 2, group_size = 2, implementation = CommunicationImplementation.NCCL, num_packs = 1
2024-12-03 01:59:24,316 - INFO - Collective all_reduce tensors: 1 all_reduces, num_devices = 2, group_size = 2, implementation = CommunicationImplementation.NCCL, num_packs = 1
2024-12-03 01:59:24,347 - INFO - Collective all_reduce tensors: 1 all_reduces, num_devices = 2, group_size = 2, implementation = CommunicationImplementation.NCCL, num_packs = 1
2024-12-03 01:59:24,424 - INFO - Collective all_reduce tensors: 1 all_reduces, num_devices = 2, group_size = 2, implementation = CommunicationImplementation.NCCL, num_packs = 1
2024-12-03 01:59:24,458 - INFO - Collective all_reduce tensors: 1 all_reduces, num_devices = 2, group_size = 2, implementation = CommunicationImplementation.NCCL, num_packs = 1
2024-12-03 01:59:24,550 - INFO - Collective all_reduce tensors: 1 all_reduces, num_devices = 2, group_size = 2, implementation = CommunicationImplementation.NCCL, num_packs = 1
2024-12-03 01:59:24,578 - INFO - Collective all_reduce tensors: 1 all_reduces, num_devices = 2, group_size = 2, implementation = CommunicationImplementation.NCCL, num_packs = 1
2024-12-03 01:59:24,670 - INFO - Collective all_reduce tensors: 1 all_reduces, num_devices = 2, group_size = 2, implementation = CommunicationImplementation.NCCL, num_packs = 1
2024-12-03 01:59:24,697 - INFO - Collective all_reduce tensors: 1 all_reduces, num_devices = 2, group_size = 2, implementation = CommunicationImplementation.NCCL, num_packs = 1
2024-12-03 01:59:24,784 - INFO - Collective all_reduce tensors: 1 all_reduces, num_devices = 2, group_size = 2, implementation = CommunicationImplementation.NCCL, num_packs = 1
2024-12-03 01:59:24,810 - INFO - Collective all_reduce tensors: 1 all_reduces, num_devices = 2, group_size = 2, implementation = CommunicationImplementation.NCCL, num_packs = 1
2024-12-03 01:59:24,900 - INFO - Collective all_reduce tensors: 1 all_reduces, num_devices = 2, group_size = 2, implementation = CommunicationImplementation.NCCL, num_packs = 1
2024-12-03 01:59:24,930 - INFO - Collective all_reduce tensors: 1 all_reduces, num_devices = 2, group_size = 2, implementation = CommunicationImplementation.NCCL, num_packs = 1
2024-12-03 01:59:25,027 - INFO - Collective all_reduce tensors: 1 all_reduces, num_devices = 2, group_size = 2, implementation = CommunicationImplementation.NCCL, num_packs = 1
2024-12-03 01:59:25,057 - INFO - Collective all_reduce tensors: 1 all_reduces, num_devices = 2, group_size = 2, implementation = CommunicationImplementation.NCCL, num_packs = 1
2024-12-03 01:59:25,143 - INFO - Collective all_reduce tensors: 1 all_reduces, num_devices = 2, group_size = 2, implementation = CommunicationImplementation.NCCL, num_packs = 1
2024-12-03 01:59:25,173 - INFO - Collective all_reduce tensors: 1 all_reduces, num_devices = 2, group_size = 2, implementation = CommunicationImplementation.NCCL, num_packs = 1
2024-12-03 01:59:25,252 - INFO - Collective all_reduce tensors: 1 all_reduces, num_devices = 2, group_size = 2, implementation = CommunicationImplementation.NCCL, num_packs = 1
2024-12-03 01:59:25,289 - INFO - Collective all_reduce tensors: 1 all_reduces, num_devices = 2, group_size = 2, implementation = CommunicationImplementation.NCCL, num_packs = 1
2024-12-03 01:59:25,369 - INFO - Collective all_reduce tensors: 1 all_reduces, num_devices = 2, group_size = 2, implementation = CommunicationImplementation.NCCL, num_packs = 1
2024-12-03 01:59:25,391 - INFO - Collective all_reduce tensors: 1 all_reduces, num_devices = 2, group_size = 2, implementation = CommunicationImplementation.NCCL, num_packs = 1
2024-12-03 01:59:25,505 - INFO - Collective all_reduce tensors: 1 all_reduces, num_devices = 2, group_size = 2, implementation = CommunicationImplementation.NCCL, num_packs = 1
2024-12-03 01:59:25,524 - INFO - Collective all_reduce tensors: 1 all_reduces, num_devices = 2, group_size = 2, implementation = CommunicationImplementation.NCCL, num_packs = 1
2024-12-03 01:59:28,159 - INFO - Collective all_reduce tensors: 184 all_reduces, num_devices = 2, group_size = 2, implementation = CommunicationImplementation.NCCL, num_packs = 1
2024-12-03 01:59:33,369 - INFO - Collective all_reduce tensors: 1 all_reduces, num_devices = 2, group_size = 2, implementation = CommunicationImplementation.NCCL, num_packs = 1
2024-12-03 01:59:33,389 - INFO - Collective all_reduce tensors: 1 all_reduces, num_devices = 2, group_size = 2, implementation = CommunicationImplementation.NCCL, num_packs = 1
2024-12-03 01:59:33,444 - INFO - Collective all_reduce tensors: 1 all_reduces, num_devices = 2, group_size = 2, implementation = CommunicationImplementation.NCCL, num_packs = 1
2024-12-03 01:59:33,460 - INFO - Collective all_reduce tensors: 1 all_reduces, num_devices = 2, group_size = 2, implementation = CommunicationImplementation.NCCL, num_packs = 1
2024-12-03 01:59:33,478 - INFO - Collective all_reduce tensors: 1 all_reduces, num_devices = 2, group_size = 2, implementation = CommunicationImplementation.NCCL, num_packs = 1
2024-12-03 01:59:33,496 - INFO - Collective all_reduce tensors: 1 all_reduces, num_devices = 2, group_size = 2, implementation = CommunicationImplementation.NCCL, num_packs = 1
