[notice] A new release of pip is available: 23.3.1 -> 24.3.1
[notice] To update, run: python -m pip install --upgrade pip
Found 2 GPUs! Training with distributed data parallel

Epoch 1/35
Training: 100%|████████████████████████████████████████████████████████████████████████████████████| 86/86 [00:45<00:00,  1.89it/s, loss=1.2677]
Validation: 100%|███████████████████████████████████████████████████████████████████████████████████████████████| 22/22 [00:14<00:00,  1.49it/s]
Training Loss: 1.3892
Validation Loss: 1.3852

Epoch 2/35
Training: 100%|████████████████████████████████████████████████████████████████████████████████████| 86/86 [00:41<00:00,  2.06it/s, loss=1.2466]
Validation: 100%|███████████████████████████████████████████████████████████████████████████████████████████████| 22/22 [00:14<00:00,  1.50it/s]
Training Loss: 1.3606
Validation Loss: 1.3913

Epoch 3/35
Training: 100%|████████████████████████████████████████████████████████████████████████████████████| 86/86 [00:43<00:00,  1.99it/s, loss=1.3751]
Validation: 100%|███████████████████████████████████████████████████████████████████████████████████████████████| 22/22 [00:15<00:00,  1.45it/s]
Training Loss: 1.3707
Validation Loss: 1.4194

Epoch 4/35
Training: 100%|████████████████████████████████████████████████████████████████████████████████████| 86/86 [00:43<00:00,  2.00it/s, loss=1.0435]
Validation: 100%|███████████████████████████████████████████████████████████████████████████████████████████████| 22/22 [00:14<00:00,  1.51it/s]
Training Loss: 1.3876
Validation Loss: 1.3682

Epoch 5/35
Training: 100%|████████████████████████████████████████████████████████████████████████████████████| 86/86 [00:43<00:00,  1.98it/s, loss=0.7945]
Validation: 100%|███████████████████████████████████████████████████████████████████████████████████████████████| 22/22 [00:15<00:00,  1.44it/s]
Training Loss: 1.3437
Validation Loss: 1.3431

Epoch 6/35
Training: 100%|████████████████████████████████████████████████████████████████████████████████████| 86/86 [00:43<00:00,  1.96it/s, loss=1.2645]
Validation: 100%|███████████████████████████████████████████████████████████████████████████████████████████████| 22/22 [00:14<00:00,  1.47it/s]
Training Loss: 1.3689
Validation Loss: 1.3276

Epoch 7/35
Training: 100%|████████████████████████████████████████████████████████████████████████████████████| 86/86 [00:44<00:00,  1.95it/s, loss=1.2727]
Validation: 100%|███████████████████████████████████████████████████████████████████████████████████████████████| 22/22 [00:15<00:00,  1.46it/s]
Training Loss: 1.3466
Validation Loss: 1.4150

Epoch 8/35
Training: 100%|████████████████████████████████████████████████████████████████████████████████████| 86/86 [00:44<00:00,  1.95it/s, loss=1.3902]
Validation: 100%|███████████████████████████████████████████████████████████████████████████████████████████████| 22/22 [00:14<00:00,  1.47it/s]
Training Loss: 1.3481
Validation Loss: 1.3633

Epoch 9/35
Training: 100%|████████████████████████████████████████████████████████████████████████████████████| 86/86 [00:45<00:00,  1.88it/s, loss=1.5151]
Validation: 100%|███████████████████████████████████████████████████████████████████████████████████████████████| 22/22 [00:15<00:00,  1.42it/s]
Training Loss: 1.3503
Validation Loss: 1.2714

Epoch 10/35
Training: 100%|████████████████████████████████████████████████████████████████████████████████████| 86/86 [00:43<00:00,  1.97it/s, loss=1.4365]
Validation: 100%|███████████████████████████████████████████████████████████████████████████████████████████████| 22/22 [00:14<00:00,  1.48it/s]
Training Loss: 1.3508
Validation Loss: 1.3028

Epoch 11/35
Training: 100%|████████████████████████████████████████████████████████████████████████████████████| 86/86 [00:45<00:00,  1.90it/s, loss=1.3665]
Validation: 100%|███████████████████████████████████████████████████████████████████████████████████████████████| 22/22 [00:15<00:00,  1.42it/s]
Training Loss: 1.3468
Validation Loss: 1.4606

Epoch 12/35
Training: 100%|████████████████████████████████████████████████████████████████████████████████████| 86/86 [00:44<00:00,  1.95it/s, loss=1.2597]
Validation: 100%|███████████████████████████████████████████████████████████████████████████████████████████████| 22/22 [00:14<00:00,  1.49it/s]
Training Loss: 1.3620
Validation Loss: 1.3829

Epoch 13/35
Training: 100%|████████████████████████████████████████████████████████████████████████████████████| 86/86 [00:42<00:00,  2.00it/s, loss=1.6699]
Validation: 100%|███████████████████████████████████████████████████████████████████████████████████████████████| 22/22 [00:14<00:00,  1.51it/s]
Training Loss: 1.3500
Validation Loss: 1.3317

Epoch 14/35
Training: 100%|████████████████████████████████████████████████████████████████████████████████████| 86/86 [00:43<00:00,  1.99it/s, loss=1.1863]
Validation: 100%|███████████████████████████████████████████████████████████████████████████████████████████████| 22/22 [00:14<00:00,  1.49it/s]
Training Loss: 1.3371
Validation Loss: 1.2832

Epoch 15/35
Training: 100%|████████████████████████████████████████████████████████████████████████████████████| 86/86 [00:43<00:00,  1.97it/s, loss=1.4920]
Validation: 100%|███████████████████████████████████████████████████████████████████████████████████████████████| 22/22 [00:15<00:00,  1.45it/s]
Training Loss: 1.2935
Validation Loss: 1.3517

Epoch 16/35
Training: 100%|████████████████████████████████████████████████████████████████████████████████████| 86/86 [00:44<00:00,  1.94it/s, loss=0.7766]
Validation: 100%|███████████████████████████████████████████████████████████████████████████████████████████████| 22/22 [00:15<00:00,  1.45it/s]
Training Loss: 1.3110
Validation Loss: 1.3142

Epoch 17/35
Training: 100%|████████████████████████████████████████████████████████████████████████████████████| 86/86 [00:43<00:00,  1.97it/s, loss=1.4322]
Validation: 100%|███████████████████████████████████████████████████████████████████████████████████████████████| 22/22 [00:14<00:00,  1.48it/s]
Training Loss: 1.3368
Validation Loss: 1.3681

Epoch 18/35
Training: 100%|████████████████████████████████████████████████████████████████████████████████████| 86/86 [00:42<00:00,  2.02it/s, loss=0.9498]
Validation: 100%|███████████████████████████████████████████████████████████████████████████████████████████████| 22/22 [00:18<00:00,  1.16it/s]
Training Loss: 1.3529
Validation Loss: 1.2808

Epoch 19/35
Training: 100%|████████████████████████████████████████████████████████████████████████████████████| 86/86 [00:44<00:00,  1.95it/s, loss=1.2157]
Validation: 100%|███████████████████████████████████████████████████████████████████████████████████████████████| 22/22 [00:14<00:00,  1.47it/s]
Training Loss: 1.3183
Validation Loss: 1.3403

Epoch 20/35
Training: 100%|████████████████████████████████████████████████████████████████████████████████████| 86/86 [00:42<00:00,  2.03it/s, loss=1.2544]
Validation: 100%|███████████████████████████████████████████████████████████████████████████████████████████████| 22/22 [00:14<00:00,  1.49it/s]
Training Loss: 1.3286
Validation Loss: 1.3192

Epoch 21/35
Training: 100%|████████████████████████████████████████████████████████████████████████████████████| 86/86 [00:44<00:00,  1.92it/s, loss=1.2324]
Validation: 100%|███████████████████████████████████████████████████████████████████████████████████████████████| 22/22 [00:15<00:00,  1.45it/s]
Training Loss: 1.3507
Validation Loss: 1.3179

Epoch 22/35
Training: 100%|████████████████████████████████████████████████████████████████████████████████████| 86/86 [00:44<00:00,  1.95it/s, loss=0.7792]
Validation: 100%|███████████████████████████████████████████████████████████████████████████████████████████████| 22/22 [00:15<00:00,  1.42it/s]
Training Loss: 1.3370
Validation Loss: 1.3324

Epoch 23/35
Training: 100%|████████████████████████████████████████████████████████████████████████████████████| 86/86 [00:44<00:00,  1.94it/s, loss=1.3234]
Validation: 100%|███████████████████████████████████████████████████████████████████████████████████████████████| 22/22 [00:14<00:00,  1.51it/s]
Training Loss: 1.3201
Validation Loss: 1.3554

Epoch 24/35
Training: 100%|████████████████████████████████████████████████████████████████████████████████████| 86/86 [00:41<00:00,  2.05it/s, loss=0.9158]
Validation: 100%|███████████████████████████████████████████████████████████████████████████████████████████████| 22/22 [00:14<00:00,  1.47it/s]
Training Loss: 1.3061
Validation Loss: 1.3172

Epoch 25/35
Training: 100%|████████████████████████████████████████████████████████████████████████████████████| 86/86 [00:45<00:00,  1.89it/s, loss=1.4837]
Validation: 100%|███████████████████████████████████████████████████████████████████████████████████████████████| 22/22 [00:15<00:00,  1.44it/s]
Training Loss: 1.3391
Validation Loss: 1.3794
